<?xml version="1.0" encoding="UTF-8"?>
<!-- Generated by org.testng.reporters.JUnitReportReporter -->
<testsuite hostname="DESKTOP-LUHM09Q" failures="0" tests="1" name="JenkinsDemo.TestCase1" time="6.850" errors="0" timestamp="2023-07-30T01:42:55 PDT" skipped="0">
  <testcase classname="JenkinsDemo.TestCase1" name="test" time="6.850"/>
  <system-out/>
</testsuite> <!-- JenkinsDemo.TestCase1 -->
